2025-09-10 19:25:16,674 - INFO - === 访问登录页面 ===
2025-09-10 19:25:25,082 - INFO - === 分析初始登录页面结构 ===
2025-09-10 19:25:25,083 - INFO - --- 初始状态 表单元素分析 ---
2025-09-10 19:25:25,086 - INFO - 用户名输入框 input[placeholder="用户名"]: 1个
2025-09-10 19:25:25,091 - INFO -   第1个: visible=True, enabled=True
2025-09-10 19:25:25,094 - INFO - 用户名输入框 input[type="text"]: 3个
2025-09-10 19:25:25,098 - INFO -   第1个: visible=True, enabled=True
2025-09-10 19:25:25,101 - INFO -   第2个: visible=True, enabled=True
2025-09-10 19:25:25,104 - INFO -   第3个: visible=True, enabled=True
2025-09-10 19:25:25,105 - INFO - 密码输入框 input[type="password"].el-input__inner: 1个
2025-09-10 19:25:25,109 - INFO -   第1个: visible=True, enabled=True
2025-09-10 19:25:25,111 - INFO - 密码输入框 input[type="password"]: 1个
2025-09-10 19:25:25,113 - INFO -   第1个: visible=True, enabled=True
2025-09-10 19:25:25,114 - INFO - 密码输入框 input[placeholder*="密码"]: 1个
2025-09-10 19:25:25,117 - INFO -   第1个: visible=True, enabled=True
2025-09-10 19:25:25,118 - INFO - 验证码输入框 input[placeholder="验证码"].el-input__inner: 1个
2025-09-10 19:25:25,122 - INFO -   第1个: visible=True, enabled=True, value=''
2025-09-10 19:25:25,123 - INFO - 验证码输入框 input[placeholder="验证码"]: 1个
2025-09-10 19:25:25,128 - INFO -   第1个: visible=True, enabled=True, value=''
2025-09-10 19:25:25,129 - INFO - 验证码输入框 input[placeholder*="验证码"]: 1个
2025-09-10 19:25:25,133 - INFO -   第1个: visible=True, enabled=True, value=''
2025-09-10 19:25:25,135 - INFO - 登录按钮 button.el-button.el-button--primary:has-text("登录"): 1个
2025-09-10 19:25:25,138 - INFO -   第1个: visible=True, enabled=True
2025-09-10 19:25:25,139 - INFO - 登录按钮 button:has-text("登录"): 1个
2025-09-10 19:25:25,141 - INFO -   第1个: visible=True, enabled=True
2025-09-10 19:25:25,146 - INFO - 登录按钮 text=登录: 3个
2025-09-10 19:25:25,156 - INFO -   第1个: visible=True, enabled=True
2025-09-10 19:25:25,165 - INFO -   第2个: visible=True, enabled=True
2025-09-10 19:25:25,175 - INFO -   第3个: visible=True, enabled=True
2025-09-10 19:25:25,175 - INFO - === 填写用户名和密码 ===
2025-09-10 19:25:27,211 - INFO - === 分析填写信息后的页面结构 ===
2025-09-10 19:25:27,212 - INFO - --- 填写信息后 表单元素分析 ---
2025-09-10 19:25:27,217 - INFO - 用户名输入框 input[placeholder="用户名"]: 1个
2025-09-10 19:25:27,225 - INFO -   第1个: visible=True, enabled=True
2025-09-10 19:25:27,229 - INFO - 用户名输入框 input[type="text"]: 3个
2025-09-10 19:25:27,232 - INFO -   第1个: visible=True, enabled=True
2025-09-10 19:25:27,236 - INFO -   第2个: visible=True, enabled=True
2025-09-10 19:25:27,239 - INFO -   第3个: visible=True, enabled=True
2025-09-10 19:25:27,241 - INFO - 密码输入框 input[type="password"].el-input__inner: 1个
2025-09-10 19:25:27,244 - INFO -   第1个: visible=True, enabled=True
2025-09-10 19:25:27,245 - INFO - 密码输入框 input[type="password"]: 1个
2025-09-10 19:25:27,248 - INFO -   第1个: visible=True, enabled=True
2025-09-10 19:25:27,249 - INFO - 密码输入框 input[placeholder*="密码"]: 1个
2025-09-10 19:25:27,252 - INFO -   第1个: visible=True, enabled=True
2025-09-10 19:25:27,253 - INFO - 验证码输入框 input[placeholder="验证码"].el-input__inner: 1个
2025-09-10 19:25:27,257 - INFO -   第1个: visible=True, enabled=True, value=''
2025-09-10 19:25:27,258 - INFO - 验证码输入框 input[placeholder="验证码"]: 1个
2025-09-10 19:25:27,262 - INFO -   第1个: visible=True, enabled=True, value=''
2025-09-10 19:25:27,263 - INFO - 验证码输入框 input[placeholder*="验证码"]: 1个
2025-09-10 19:25:27,267 - INFO -   第1个: visible=True, enabled=True, value=''
2025-09-10 19:25:27,268 - INFO - 登录按钮 button.el-button.el-button--primary:has-text("登录"): 1个
2025-09-10 19:25:27,271 - INFO -   第1个: visible=True, enabled=True
2025-09-10 19:25:27,273 - INFO - 登录按钮 button:has-text("登录"): 1个
2025-09-10 19:25:27,276 - INFO -   第1个: visible=True, enabled=True
2025-09-10 19:25:27,282 - INFO - 登录按钮 text=登录: 3个
2025-09-10 19:25:27,292 - INFO -   第1个: visible=True, enabled=True
2025-09-10 19:25:27,301 - INFO -   第2个: visible=True, enabled=True
2025-09-10 19:25:27,313 - INFO -   第3个: visible=True, enabled=True
2025-09-10 19:25:27,313 - INFO - === 输入错误验证码 ===
2025-09-10 19:25:28,324 - INFO - === 提交登录表单 ===
2025-09-10 19:25:31,362 - INFO - === 分析验证码错误后的页面结构 ===
2025-09-10 19:25:31,363 - INFO - --- 验证码错误后 表单元素分析 ---
2025-09-10 19:25:31,372 - INFO - 用户名输入框 input[placeholder="用户名"]: 1个
2025-09-10 19:25:31,380 - INFO -   第1个: visible=True, enabled=True
2025-09-10 19:25:31,384 - INFO - 用户名输入框 input[type="text"]: 3个
2025-09-10 19:25:31,388 - INFO -   第1个: visible=True, enabled=True
2025-09-10 19:25:31,391 - INFO -   第2个: visible=True, enabled=True
2025-09-10 19:25:31,394 - INFO -   第3个: visible=True, enabled=True
2025-09-10 19:25:31,396 - INFO - 密码输入框 input[type="password"].el-input__inner: 1个
2025-09-10 19:25:31,399 - INFO -   第1个: visible=True, enabled=True
2025-09-10 19:25:31,400 - INFO - 密码输入框 input[type="password"]: 1个
2025-09-10 19:25:31,403 - INFO -   第1个: visible=True, enabled=True
2025-09-10 19:25:31,405 - INFO - 密码输入框 input[placeholder*="密码"]: 1个
2025-09-10 19:25:31,407 - INFO -   第1个: visible=True, enabled=True
2025-09-10 19:25:31,408 - INFO - 验证码输入框 input[placeholder="验证码"].el-input__inner: 1个
2025-09-10 19:25:31,412 - INFO -   第1个: visible=True, enabled=True, value=''
2025-09-10 19:25:31,413 - INFO - 验证码输入框 input[placeholder="验证码"]: 1个
2025-09-10 19:25:31,417 - INFO -   第1个: visible=True, enabled=True, value=''
2025-09-10 19:25:31,418 - INFO - 验证码输入框 input[placeholder*="验证码"]: 1个
2025-09-10 19:25:31,421 - INFO -   第1个: visible=True, enabled=True, value=''
2025-09-10 19:25:31,423 - INFO - 登录按钮 button.el-button.el-button--primary:has-text("登录"): 1个
2025-09-10 19:25:31,425 - INFO -   第1个: visible=True, enabled=True
2025-09-10 19:25:31,426 - INFO - 登录按钮 button:has-text("登录"): 1个
2025-09-10 19:25:31,429 - INFO -   第1个: visible=True, enabled=True
2025-09-10 19:25:31,434 - INFO - 登录按钮 text=登录: 3个
2025-09-10 19:25:31,444 - INFO -   第1个: visible=True, enabled=True
2025-09-10 19:25:31,454 - INFO -   第2个: visible=True, enabled=True
2025-09-10 19:25:31,463 - INFO -   第3个: visible=True, enabled=True
2025-09-10 19:25:31,463 - INFO - --- 错误信息分析 ---
2025-09-10 19:25:31,468 - INFO - 错误信息 text=校验码错误: 1个
2025-09-10 19:25:31,476 - INFO -   第1个: visible=True, text='校验码错误'
2025-09-10 19:25:31,481 - INFO - 错误信息 .el-message--error: 1个
2025-09-10 19:25:31,483 - INFO -   第1个: visible=True, text='校验码错误'
2025-09-10 19:25:31,486 - INFO - 错误信息 [class*="error"]: 2个
2025-09-10 19:25:31,487 - INFO -   第1个: visible=True, text='校验码错误'
2025-09-10 19:25:31,489 - INFO -   第2个: visible=True, text=''
2025-09-10 19:25:31,489 - INFO - === 等待观察页面状态变化 ===
2025-09-10 19:25:32,494 - INFO - --- 1秒后的页面状态 ---
2025-09-10 19:25:32,495 - INFO - --- 1秒后 表单元素分析 ---
2025-09-10 19:25:32,499 - INFO - 用户名输入框 input[placeholder="用户名"]: 1个
2025-09-10 19:25:32,505 - INFO -   第1个: visible=True, enabled=True
2025-09-10 19:25:32,508 - INFO - 用户名输入框 input[type="text"]: 3个
2025-09-10 19:25:32,512 - INFO -   第1个: visible=True, enabled=True
2025-09-10 19:25:32,516 - INFO -   第2个: visible=True, enabled=True
2025-09-10 19:25:32,520 - INFO -   第3个: visible=True, enabled=True
2025-09-10 19:25:32,522 - INFO - 密码输入框 input[type="password"].el-input__inner: 1个
2025-09-10 19:25:32,526 - INFO -   第1个: visible=True, enabled=True
2025-09-10 19:25:32,527 - INFO - 密码输入框 input[type="password"]: 1个
2025-09-10 19:25:32,530 - INFO -   第1个: visible=True, enabled=True
2025-09-10 19:25:32,532 - INFO - 密码输入框 input[placeholder*="密码"]: 1个
2025-09-10 19:25:32,535 - INFO -   第1个: visible=True, enabled=True
2025-09-10 19:25:32,536 - INFO - 验证码输入框 input[placeholder="验证码"].el-input__inner: 1个
2025-09-10 19:25:32,540 - INFO -   第1个: visible=True, enabled=True, value=''
2025-09-10 19:25:32,541 - INFO - 验证码输入框 input[placeholder="验证码"]: 1个
2025-09-10 19:25:32,545 - INFO -   第1个: visible=True, enabled=True, value=''
2025-09-10 19:25:32,546 - INFO - 验证码输入框 input[placeholder*="验证码"]: 1个
2025-09-10 19:25:32,550 - INFO -   第1个: visible=True, enabled=True, value=''
2025-09-10 19:25:32,551 - INFO - 登录按钮 button.el-button.el-button--primary:has-text("登录"): 1个
2025-09-10 19:25:32,553 - INFO -   第1个: visible=True, enabled=True
2025-09-10 19:25:32,554 - INFO - 登录按钮 button:has-text("登录"): 1个
2025-09-10 19:25:32,557 - INFO -   第1个: visible=True, enabled=True
2025-09-10 19:25:32,562 - INFO - 登录按钮 text=登录: 3个
2025-09-10 19:25:32,572 - INFO -   第1个: visible=True, enabled=True
2025-09-10 19:25:32,582 - INFO -   第2个: visible=True, enabled=True
2025-09-10 19:25:32,591 - INFO -   第3个: visible=True, enabled=True
2025-09-10 19:25:33,600 - INFO - --- 2秒后的页面状态 ---
2025-09-10 19:25:33,600 - INFO - --- 2秒后 表单元素分析 ---
2025-09-10 19:25:33,606 - INFO - 用户名输入框 input[placeholder="用户名"]: 1个
2025-09-10 19:25:33,612 - INFO -   第1个: visible=True, enabled=True
2025-09-10 19:25:33,615 - INFO - 用户名输入框 input[type="text"]: 3个
2025-09-10 19:25:33,619 - INFO -   第1个: visible=True, enabled=True
2025-09-10 19:25:33,623 - INFO -   第2个: visible=True, enabled=True
2025-09-10 19:25:33,627 - INFO -   第3个: visible=True, enabled=True
2025-09-10 19:25:33,628 - INFO - 密码输入框 input[type="password"].el-input__inner: 1个
2025-09-10 19:25:33,631 - INFO -   第1个: visible=True, enabled=True
2025-09-10 19:25:33,635 - INFO - 密码输入框 input[type="password"]: 1个
2025-09-10 19:25:33,637 - INFO -   第1个: visible=True, enabled=True
2025-09-10 19:25:33,639 - INFO - 密码输入框 input[placeholder*="密码"]: 1个
2025-09-10 19:25:33,641 - INFO -   第1个: visible=True, enabled=True
2025-09-10 19:25:33,643 - INFO - 验证码输入框 input[placeholder="验证码"].el-input__inner: 1个
2025-09-10 19:25:33,646 - INFO -   第1个: visible=True, enabled=True, value=''
2025-09-10 19:25:33,648 - INFO - 验证码输入框 input[placeholder="验证码"]: 1个
2025-09-10 19:25:33,652 - INFO -   第1个: visible=True, enabled=True, value=''
2025-09-10 19:25:33,653 - INFO - 验证码输入框 input[placeholder*="验证码"]: 1个
2025-09-10 19:25:33,656 - INFO -   第1个: visible=True, enabled=True, value=''
2025-09-10 19:25:33,657 - INFO - 登录按钮 button.el-button.el-button--primary:has-text("登录"): 1个
2025-09-10 19:25:33,659 - INFO -   第1个: visible=True, enabled=True
2025-09-10 19:25:33,661 - INFO - 登录按钮 button:has-text("登录"): 1个
2025-09-10 19:25:33,664 - INFO -   第1个: visible=True, enabled=True
2025-09-10 19:25:33,669 - INFO - 登录按钮 text=登录: 3个
2025-09-10 19:25:33,678 - INFO -   第1个: visible=True, enabled=True
2025-09-10 19:25:33,687 - INFO -   第2个: visible=True, enabled=True
2025-09-10 19:25:33,696 - INFO -   第3个: visible=True, enabled=True
2025-09-10 19:25:34,703 - INFO - --- 3秒后的页面状态 ---
2025-09-10 19:25:34,703 - INFO - --- 3秒后 表单元素分析 ---
2025-09-10 19:25:34,706 - INFO - 用户名输入框 input[placeholder="用户名"]: 1个
2025-09-10 19:25:34,711 - INFO -   第1个: visible=True, enabled=True
2025-09-10 19:25:34,714 - INFO - 用户名输入框 input[type="text"]: 3个
2025-09-10 19:25:34,718 - INFO -   第1个: visible=True, enabled=True
2025-09-10 19:25:34,723 - INFO -   第2个: visible=True, enabled=True
2025-09-10 19:25:34,726 - INFO -   第3个: visible=True, enabled=True
2025-09-10 19:25:34,727 - INFO - 密码输入框 input[type="password"].el-input__inner: 1个
2025-09-10 19:25:34,730 - INFO -   第1个: visible=True, enabled=True
2025-09-10 19:25:34,732 - INFO - 密码输入框 input[type="password"]: 1个
2025-09-10 19:25:34,734 - INFO -   第1个: visible=True, enabled=True
2025-09-10 19:25:34,736 - INFO - 密码输入框 input[placeholder*="密码"]: 1个
2025-09-10 19:25:34,739 - INFO -   第1个: visible=True, enabled=True
2025-09-10 19:25:34,740 - INFO - 验证码输入框 input[placeholder="验证码"].el-input__inner: 1个
2025-09-10 19:25:34,744 - INFO -   第1个: visible=True, enabled=True, value=''
2025-09-10 19:25:34,745 - INFO - 验证码输入框 input[placeholder="验证码"]: 1个
2025-09-10 19:25:34,749 - INFO -   第1个: visible=True, enabled=True, value=''
2025-09-10 19:25:34,750 - INFO - 验证码输入框 input[placeholder*="验证码"]: 1个
2025-09-10 19:25:34,754 - INFO -   第1个: visible=True, enabled=True, value=''
2025-09-10 19:25:34,755 - INFO - 登录按钮 button.el-button.el-button--primary:has-text("登录"): 1个
2025-09-10 19:25:34,757 - INFO -   第1个: visible=True, enabled=True
2025-09-10 19:25:34,759 - INFO - 登录按钮 button:has-text("登录"): 1个
2025-09-10 19:25:34,761 - INFO -   第1个: visible=True, enabled=True
2025-09-10 19:25:34,766 - INFO - 登录按钮 text=登录: 3个
2025-09-10 19:25:34,776 - INFO -   第1个: visible=True, enabled=True
2025-09-10 19:25:34,785 - INFO -   第2个: visible=True, enabled=True
2025-09-10 19:25:34,794 - INFO -   第3个: visible=True, enabled=True
2025-09-10 19:25:35,800 - INFO - --- 4秒后的页面状态 ---
2025-09-10 19:25:35,800 - INFO - --- 4秒后 表单元素分析 ---
2025-09-10 19:25:35,804 - INFO - 用户名输入框 input[placeholder="用户名"]: 1个
2025-09-10 19:25:35,809 - INFO -   第1个: visible=True, enabled=True
2025-09-10 19:25:35,812 - INFO - 用户名输入框 input[type="text"]: 3个
2025-09-10 19:25:35,816 - INFO -   第1个: visible=True, enabled=True
2025-09-10 19:25:35,820 - INFO -   第2个: visible=True, enabled=True
2025-09-10 19:25:35,824 - INFO -   第3个: visible=True, enabled=True
2025-09-10 19:25:35,825 - INFO - 密码输入框 input[type="password"].el-input__inner: 1个
2025-09-10 19:25:35,828 - INFO -   第1个: visible=True, enabled=True
2025-09-10 19:25:35,829 - INFO - 密码输入框 input[type="password"]: 1个
2025-09-10 19:25:35,832 - INFO -   第1个: visible=True, enabled=True
2025-09-10 19:25:35,833 - INFO - 密码输入框 input[placeholder*="密码"]: 1个
2025-09-10 19:25:35,836 - INFO -   第1个: visible=True, enabled=True
2025-09-10 19:25:35,837 - INFO - 验证码输入框 input[placeholder="验证码"].el-input__inner: 1个
2025-09-10 19:25:35,841 - INFO -   第1个: visible=True, enabled=True, value=''
2025-09-10 19:25:35,842 - INFO - 验证码输入框 input[placeholder="验证码"]: 1个
2025-09-10 19:25:35,846 - INFO -   第1个: visible=True, enabled=True, value=''
2025-09-10 19:25:35,847 - INFO - 验证码输入框 input[placeholder*="验证码"]: 1个
2025-09-10 19:25:35,851 - INFO -   第1个: visible=True, enabled=True, value=''
2025-09-10 19:25:35,852 - INFO - 登录按钮 button.el-button.el-button--primary:has-text("登录"): 1个
2025-09-10 19:25:35,854 - INFO -   第1个: visible=True, enabled=True
2025-09-10 19:25:35,855 - INFO - 登录按钮 button:has-text("登录"): 1个
2025-09-10 19:25:35,858 - INFO -   第1个: visible=True, enabled=True
2025-09-10 19:25:35,863 - INFO - 登录按钮 text=登录: 3个
2025-09-10 19:25:35,872 - INFO -   第1个: visible=True, enabled=True
2025-09-10 19:25:35,881 - INFO -   第2个: visible=True, enabled=True
2025-09-10 19:25:35,891 - INFO -   第3个: visible=True, enabled=True
2025-09-10 19:25:36,895 - INFO - --- 5秒后的页面状态 ---
2025-09-10 19:25:36,896 - INFO - --- 5秒后 表单元素分析 ---
2025-09-10 19:25:36,903 - INFO - 用户名输入框 input[placeholder="用户名"]: 1个
2025-09-10 19:25:36,909 - INFO -   第1个: visible=True, enabled=True
2025-09-10 19:25:36,912 - INFO - 用户名输入框 input[type="text"]: 3个
2025-09-10 19:25:36,915 - INFO -   第1个: visible=True, enabled=True
2025-09-10 19:25:36,919 - INFO -   第2个: visible=True, enabled=True
2025-09-10 19:25:36,922 - INFO -   第3个: visible=True, enabled=True
2025-09-10 19:25:36,924 - INFO - 密码输入框 input[type="password"].el-input__inner: 1个
2025-09-10 19:25:36,926 - INFO -   第1个: visible=True, enabled=True
2025-09-10 19:25:36,928 - INFO - 密码输入框 input[type="password"]: 1个
2025-09-10 19:25:36,931 - INFO -   第1个: visible=True, enabled=True
2025-09-10 19:25:36,932 - INFO - 密码输入框 input[placeholder*="密码"]: 1个
2025-09-10 19:25:36,934 - INFO -   第1个: visible=True, enabled=True
2025-09-10 19:25:36,935 - INFO - 验证码输入框 input[placeholder="验证码"].el-input__inner: 1个
2025-09-10 19:25:36,940 - INFO -   第1个: visible=True, enabled=True, value=''
2025-09-10 19:25:36,941 - INFO - 验证码输入框 input[placeholder="验证码"]: 1个
2025-09-10 19:25:36,945 - INFO -   第1个: visible=True, enabled=True, value=''
2025-09-10 19:25:36,946 - INFO - 验证码输入框 input[placeholder*="验证码"]: 1个
2025-09-10 19:25:36,949 - INFO -   第1个: visible=True, enabled=True, value=''
2025-09-10 19:25:36,950 - INFO - 登录按钮 button.el-button.el-button--primary:has-text("登录"): 1个
2025-09-10 19:25:36,953 - INFO -   第1个: visible=True, enabled=True
2025-09-10 19:25:36,954 - INFO - 登录按钮 button:has-text("登录"): 1个
2025-09-10 19:25:36,957 - INFO -   第1个: visible=True, enabled=True
2025-09-10 19:25:36,962 - INFO - 登录按钮 text=登录: 3个
2025-09-10 19:25:36,972 - INFO -   第1个: visible=True, enabled=True
2025-09-10 19:25:36,981 - INFO -   第2个: visible=True, enabled=True
2025-09-10 19:25:36,990 - INFO -   第3个: visible=True, enabled=True
2025-09-10 19:25:37,995 - INFO - --- 6秒后的页面状态 ---
2025-09-10 19:25:37,995 - INFO - --- 6秒后 表单元素分析 ---
2025-09-10 19:25:37,998 - INFO - 用户名输入框 input[placeholder="用户名"]: 1个
2025-09-10 19:25:38,004 - INFO -   第1个: visible=True, enabled=True
2025-09-10 19:25:38,007 - INFO - 用户名输入框 input[type="text"]: 3个
2025-09-10 19:25:38,011 - INFO -   第1个: visible=True, enabled=True
2025-09-10 19:25:38,017 - INFO -   第2个: visible=True, enabled=True
2025-09-10 19:25:38,020 - INFO -   第3个: visible=True, enabled=True
2025-09-10 19:25:38,022 - INFO - 密码输入框 input[type="password"].el-input__inner: 1个
2025-09-10 19:25:38,024 - INFO -   第1个: visible=True, enabled=True
2025-09-10 19:25:38,026 - INFO - 密码输入框 input[type="password"]: 1个
2025-09-10 19:25:38,029 - INFO -   第1个: visible=True, enabled=True
2025-09-10 19:25:38,031 - INFO - 密码输入框 input[placeholder*="密码"]: 1个
2025-09-10 19:25:38,033 - INFO -   第1个: visible=True, enabled=True
2025-09-10 19:25:38,034 - INFO - 验证码输入框 input[placeholder="验证码"].el-input__inner: 1个
2025-09-10 19:25:38,039 - INFO -   第1个: visible=True, enabled=True, value=''
2025-09-10 19:25:38,040 - INFO - 验证码输入框 input[placeholder="验证码"]: 1个
2025-09-10 19:25:38,043 - INFO -   第1个: visible=True, enabled=True, value=''
2025-09-10 19:25:38,044 - INFO - 验证码输入框 input[placeholder*="验证码"]: 1个
2025-09-10 19:25:38,048 - INFO -   第1个: visible=True, enabled=True, value=''
2025-09-10 19:25:38,049 - INFO - 登录按钮 button.el-button.el-button--primary:has-text("登录"): 1个
2025-09-10 19:25:38,052 - INFO -   第1个: visible=True, enabled=True
2025-09-10 19:25:38,053 - INFO - 登录按钮 button:has-text("登录"): 1个
2025-09-10 19:25:38,057 - INFO -   第1个: visible=True, enabled=True
2025-09-10 19:25:38,061 - INFO - 登录按钮 text=登录: 3个
2025-09-10 19:25:38,072 - INFO -   第1个: visible=True, enabled=True
2025-09-10 19:25:38,083 - INFO -   第2个: visible=True, enabled=True
2025-09-10 19:25:38,093 - INFO -   第3个: visible=True, enabled=True
2025-09-10 19:25:39,105 - INFO - --- 7秒后的页面状态 ---
2025-09-10 19:25:39,105 - INFO - --- 7秒后 表单元素分析 ---
2025-09-10 19:25:39,109 - INFO - 用户名输入框 input[placeholder="用户名"]: 1个
2025-09-10 19:25:39,114 - INFO -   第1个: visible=True, enabled=True
2025-09-10 19:25:39,117 - INFO - 用户名输入框 input[type="text"]: 3个
2025-09-10 19:25:39,121 - INFO -   第1个: visible=True, enabled=True
2025-09-10 19:25:39,124 - INFO -   第2个: visible=True, enabled=True
2025-09-10 19:25:39,128 - INFO -   第3个: visible=True, enabled=True
2025-09-10 19:25:39,130 - INFO - 密码输入框 input[type="password"].el-input__inner: 1个
2025-09-10 19:25:39,133 - INFO -   第1个: visible=True, enabled=True
2025-09-10 19:25:39,134 - INFO - 密码输入框 input[type="password"]: 1个
2025-09-10 19:25:39,137 - INFO -   第1个: visible=True, enabled=True
2025-09-10 19:25:39,138 - INFO - 密码输入框 input[placeholder*="密码"]: 1个
2025-09-10 19:25:39,140 - INFO -   第1个: visible=True, enabled=True
2025-09-10 19:25:39,141 - INFO - 验证码输入框 input[placeholder="验证码"].el-input__inner: 1个
2025-09-10 19:25:39,145 - INFO -   第1个: visible=True, enabled=True, value=''
2025-09-10 19:25:39,146 - INFO - 验证码输入框 input[placeholder="验证码"]: 1个
2025-09-10 19:25:39,150 - INFO -   第1个: visible=True, enabled=True, value=''
2025-09-10 19:25:39,151 - INFO - 验证码输入框 input[placeholder*="验证码"]: 1个
2025-09-10 19:25:39,155 - INFO -   第1个: visible=True, enabled=True, value=''
2025-09-10 19:25:39,156 - INFO - 登录按钮 button.el-button.el-button--primary:has-text("登录"): 1个
2025-09-10 19:25:39,160 - INFO -   第1个: visible=True, enabled=True
2025-09-10 19:25:39,161 - INFO - 登录按钮 button:has-text("登录"): 1个
2025-09-10 19:25:39,164 - INFO -   第1个: visible=True, enabled=True
2025-09-10 19:25:39,169 - INFO - 登录按钮 text=登录: 3个
2025-09-10 19:25:39,179 - INFO -   第1个: visible=True, enabled=True
2025-09-10 19:25:39,188 - INFO -   第2个: visible=True, enabled=True
2025-09-10 19:25:39,197 - INFO -   第3个: visible=True, enabled=True
2025-09-10 19:25:40,205 - INFO - --- 8秒后的页面状态 ---
2025-09-10 19:25:40,206 - INFO - --- 8秒后 表单元素分析 ---
2025-09-10 19:25:40,214 - INFO - 用户名输入框 input[placeholder="用户名"]: 1个
2025-09-10 19:25:40,220 - INFO -   第1个: visible=True, enabled=True
2025-09-10 19:25:40,223 - INFO - 用户名输入框 input[type="text"]: 3个
2025-09-10 19:25:40,227 - INFO -   第1个: visible=True, enabled=True
2025-09-10 19:25:40,230 - INFO -   第2个: visible=True, enabled=True
2025-09-10 19:25:40,233 - INFO -   第3个: visible=True, enabled=True
2025-09-10 19:25:40,234 - INFO - 密码输入框 input[type="password"].el-input__inner: 1个
2025-09-10 19:25:40,237 - INFO -   第1个: visible=True, enabled=True
2025-09-10 19:25:40,238 - INFO - 密码输入框 input[type="password"]: 1个
2025-09-10 19:25:40,241 - INFO -   第1个: visible=True, enabled=True
2025-09-10 19:25:40,242 - INFO - 密码输入框 input[placeholder*="密码"]: 1个
2025-09-10 19:25:40,245 - INFO -   第1个: visible=True, enabled=True
2025-09-10 19:25:40,246 - INFO - 验证码输入框 input[placeholder="验证码"].el-input__inner: 1个
2025-09-10 19:25:40,250 - INFO -   第1个: visible=True, enabled=True, value=''
2025-09-10 19:25:40,251 - INFO - 验证码输入框 input[placeholder="验证码"]: 1个
2025-09-10 19:25:40,255 - INFO -   第1个: visible=True, enabled=True, value=''
2025-09-10 19:25:40,256 - INFO - 验证码输入框 input[placeholder*="验证码"]: 1个
2025-09-10 19:25:40,259 - INFO -   第1个: visible=True, enabled=True, value=''
2025-09-10 19:25:40,260 - INFO - 登录按钮 button.el-button.el-button--primary:has-text("登录"): 1个
2025-09-10 19:25:40,263 - INFO -   第1个: visible=True, enabled=True
2025-09-10 19:25:40,264 - INFO - 登录按钮 button:has-text("登录"): 1个
2025-09-10 19:25:40,266 - INFO -   第1个: visible=True, enabled=True
2025-09-10 19:25:40,271 - INFO - 登录按钮 text=登录: 3个
2025-09-10 19:25:40,281 - INFO -   第1个: visible=True, enabled=True
2025-09-10 19:25:40,291 - INFO -   第2个: visible=True, enabled=True
2025-09-10 19:25:40,300 - INFO -   第3个: visible=True, enabled=True
2025-09-10 19:25:41,309 - INFO - --- 9秒后的页面状态 ---
2025-09-10 19:25:41,309 - INFO - --- 9秒后 表单元素分析 ---
2025-09-10 19:25:41,313 - INFO - 用户名输入框 input[placeholder="用户名"]: 1个
2025-09-10 19:25:41,318 - INFO -   第1个: visible=True, enabled=True
2025-09-10 19:25:41,322 - INFO - 用户名输入框 input[type="text"]: 3个
2025-09-10 19:25:41,326 - INFO -   第1个: visible=True, enabled=True
2025-09-10 19:25:41,329 - INFO -   第2个: visible=True, enabled=True
2025-09-10 19:25:41,332 - INFO -   第3个: visible=True, enabled=True
2025-09-10 19:25:41,333 - INFO - 密码输入框 input[type="password"].el-input__inner: 1个
2025-09-10 19:25:41,336 - INFO -   第1个: visible=True, enabled=True
2025-09-10 19:25:41,337 - INFO - 密码输入框 input[type="password"]: 1个
2025-09-10 19:25:41,340 - INFO -   第1个: visible=True, enabled=True
2025-09-10 19:25:41,341 - INFO - 密码输入框 input[placeholder*="密码"]: 1个
2025-09-10 19:25:41,344 - INFO -   第1个: visible=True, enabled=True
2025-09-10 19:25:41,345 - INFO - 验证码输入框 input[placeholder="验证码"].el-input__inner: 1个
2025-09-10 19:25:41,349 - INFO -   第1个: visible=True, enabled=True, value=''
2025-09-10 19:25:41,350 - INFO - 验证码输入框 input[placeholder="验证码"]: 1个
2025-09-10 19:25:41,354 - INFO -   第1个: visible=True, enabled=True, value=''
2025-09-10 19:25:41,355 - INFO - 验证码输入框 input[placeholder*="验证码"]: 1个
2025-09-10 19:25:41,359 - INFO -   第1个: visible=True, enabled=True, value=''
2025-09-10 19:25:41,360 - INFO - 登录按钮 button.el-button.el-button--primary:has-text("登录"): 1个
2025-09-10 19:25:41,362 - INFO -   第1个: visible=True, enabled=True
2025-09-10 19:25:41,363 - INFO - 登录按钮 button:has-text("登录"): 1个
2025-09-10 19:25:41,366 - INFO -   第1个: visible=True, enabled=True
2025-09-10 19:25:41,371 - INFO - 登录按钮 text=登录: 3个
2025-09-10 19:25:41,380 - INFO -   第1个: visible=True, enabled=True
2025-09-10 19:25:41,389 - INFO -   第2个: visible=True, enabled=True
2025-09-10 19:25:41,399 - INFO -   第3个: visible=True, enabled=True
2025-09-10 19:25:42,407 - INFO - --- 10秒后的页面状态 ---
2025-09-10 19:25:42,407 - INFO - --- 10秒后 表单元素分析 ---
2025-09-10 19:25:42,409 - INFO - 用户名输入框 input[placeholder="用户名"]: 1个
2025-09-10 19:25:42,412 - INFO -   第1个: visible=True, enabled=True
2025-09-10 19:25:42,414 - INFO - 用户名输入框 input[type="text"]: 3个
2025-09-10 19:25:42,417 - INFO -   第1个: visible=True, enabled=True
2025-09-10 19:25:42,419 - INFO -   第2个: visible=True, enabled=True
2025-09-10 19:25:42,422 - INFO -   第3个: visible=True, enabled=True
2025-09-10 19:25:42,423 - INFO - 密码输入框 input[type="password"].el-input__inner: 1个
2025-09-10 19:25:42,426 - INFO -   第1个: visible=True, enabled=True
2025-09-10 19:25:42,427 - INFO - 密码输入框 input[type="password"]: 1个
2025-09-10 19:25:42,429 - INFO -   第1个: visible=True, enabled=True
2025-09-10 19:25:42,430 - INFO - 密码输入框 input[placeholder*="密码"]: 1个
2025-09-10 19:25:42,432 - INFO -   第1个: visible=True, enabled=True
2025-09-10 19:25:42,434 - INFO - 验证码输入框 input[placeholder="验证码"].el-input__inner: 1个
2025-09-10 19:25:42,437 - INFO -   第1个: visible=True, enabled=True, value=''
2025-09-10 19:25:42,438 - INFO - 验证码输入框 input[placeholder="验证码"]: 1个
2025-09-10 19:25:42,441 - INFO -   第1个: visible=True, enabled=True, value=''
2025-09-10 19:25:42,442 - INFO - 验证码输入框 input[placeholder*="验证码"]: 1个
2025-09-10 19:25:42,445 - INFO -   第1个: visible=True, enabled=True, value=''
2025-09-10 19:25:42,446 - INFO - 登录按钮 button.el-button.el-button--primary:has-text("登录"): 1个
2025-09-10 19:25:42,449 - INFO -   第1个: visible=True, enabled=True
2025-09-10 19:25:42,450 - INFO - 登录按钮 button:has-text("登录"): 1个
2025-09-10 19:25:42,453 - INFO -   第1个: visible=True, enabled=True
2025-09-10 19:25:42,458 - INFO - 登录按钮 text=登录: 3个
2025-09-10 19:25:42,469 - INFO -   第1个: visible=True, enabled=True
2025-09-10 19:25:42,478 - INFO -   第2个: visible=True, enabled=True
2025-09-10 19:25:42,487 - INFO -   第3个: visible=True, enabled=True
2025-09-10 19:25:42,491 - INFO - === 尝试重新定位和填写表单 ===
2025-09-10 19:25:42,491 - INFO - --- 重新填写表单测试 ---
2025-09-10 19:25:42,502 - INFO - ✓ 用户名重新填写成功
2025-09-10 19:25:43,527 - INFO - ✓ 密码重新填写成功
2025-09-10 19:25:44,547 - INFO - ✓ 验证码重新填写成功
2025-09-10 19:25:44,547 - ERROR - 分析过程发生错误: EOF when reading a line
